<?xml version="1.0" encoding="UTF-8"?>
<!-- Generated by org.testng.reporters.JUnitXMLReporter -->
<testsuite ignored="2" hostname="DESKTOP-6VFFB5C" failures="0" tests="1" name="Test" time="4.732" errors="0" timestamp="2024-06-18T21:29:03 IST">
  <testcase classname="OrangeHRM.TestCases" name="@BeforeMethod intialization" time="4.525">
    <failure type="org.openqa.selenium.InvalidSelectorException" message="Compound class names not permitted
For documentation on this error, please visit: https://www.selenium.dev/documentation/webdriver/troubleshooting/errors#invalid-selector-exception
Build info: version: &amp;apos;4.20.0&amp;apos;, revision: &amp;apos;866c76ca80&amp;apos;
System info: os.name: &amp;apos;Windows 10&amp;apos;, os.arch: &amp;apos;amd64&amp;apos;, os.version: &amp;apos;10.0&amp;apos;, java.version: &amp;apos;17.0.10&amp;apos;
Driver info: driver.version: unknown">
      <![CDATA[org.openqa.selenium.InvalidSelectorException: Compound class names not permitted
For documentation on this error, please visit: https://www.selenium.dev/documentation/webdriver/troubleshooting/errors#invalid-selector-exception
Build info: version: '4.20.0', revision: '866c76ca80'
System info: os.name: 'Windows 10', os.arch: 'amd64', os.version: '10.0', java.version: '17.0.10'
Driver info: driver.version: unknown
at org.openqa.selenium.By$ByClassName.<init>(By.java:309)
at org.openqa.selenium.By.className(By.java:100)
at PageClasses.OrangeHrmAdminManagement.<init>(OrangeHrmAdminManagement.java:11)
at OrangeHRM.TestCases.intialization(TestCases.java:27)
at java.base/java.util.ArrayList.forEach(ArrayList.java:1511)
... Removed 31 stack frames]]>
    </failure>
  </testcase> <!-- @BeforeMethod intialization -->
  <testcase classname="OrangeHRM.TestCases" name="SearchOptionVerification" time="0.001">
    <skipped/>
  </testcase> <!-- SearchOptionVerification -->
  <testcase classname="OrangeHRM.TestCases" name="ForgotPasswordLinkVerification" time="0.0">
    <ignored/>
  </testcase> <!-- ForgotPasswordLinkVerification -->
  <testcase classname="OrangeHRM.TestCases" name="SearchASystemUser" time="0.0">
    <ignored/>
  </testcase> <!-- SearchASystemUser -->
</testsuite> <!-- Test -->
